2023-04-09T23:05:54.777-05:00  INFO 5536 --- [restartedMain] pea2.onpe.LpwaEa2JhonatanApplication     : Starting LpwaEa2JhonatanApplication using Java 17.0.6 with PID 5536 (D:\Users\PC\Documents\workspace-spring-tool-suite-4-4.17.2.RELEASE\LPWA_EA2_Jhonatan\target\classes started by PC in D:\Users\PC\Documents\workspace-spring-tool-suite-4-4.17.2.RELEASE\LPWA_EA2_Jhonatan)
2023-04-09T23:05:54.780-05:00  INFO 5536 --- [restartedMain] pea2.onpe.LpwaEa2JhonatanApplication     : No active profile set, falling back to 1 default profile: "default"
2023-04-09T23:05:54.837-05:00  INFO 5536 --- [restartedMain] .e.DevToolsPropertyDefaultsPostProcessor : Devtools property defaults active! Set 'spring.devtools.add-properties' to 'false' to disable
2023-04-09T23:05:54.837-05:00  INFO 5536 --- [restartedMain] .e.DevToolsPropertyDefaultsPostProcessor : For additional web related logging consider setting the 'logging.level.web' property to 'DEBUG'
2023-04-09T23:05:55.465-05:00  INFO 5536 --- [restartedMain] .s.d.r.c.RepositoryConfigurationDelegate : Multiple Spring Data modules found, entering strict repository configuration mode
2023-04-09T23:05:55.467-05:00  INFO 5536 --- [restartedMain] .s.d.r.c.RepositoryConfigurationDelegate : Bootstrapping Spring Data JDBC repositories in DEFAULT mode.
2023-04-09T23:05:55.496-05:00  INFO 5536 --- [restartedMain] .RepositoryConfigurationExtensionSupport : Spring Data JDBC - Could not safely identify store assignment for repository candidate interface pea2.onpe.repository.IGrupoVotacion; If you want this repository to be a JDBC repository, consider annotating your entities with one of these annotations: org.springframework.data.relational.core.mapping.Table.
2023-04-09T23:05:55.497-05:00  INFO 5536 --- [restartedMain] .s.d.r.c.RepositoryConfigurationDelegate : Finished Spring Data repository scanning in 25 ms. Found 0 JDBC repository interfaces.
2023-04-09T23:05:55.512-05:00  INFO 5536 --- [restartedMain] .s.d.r.c.RepositoryConfigurationDelegate : Multiple Spring Data modules found, entering strict repository configuration mode
2023-04-09T23:05:55.513-05:00  INFO 5536 --- [restartedMain] .s.d.r.c.RepositoryConfigurationDelegate : Bootstrapping Spring Data JPA repositories in DEFAULT mode.
2023-04-09T23:05:55.661-05:00  INFO 5536 --- [restartedMain] .s.d.r.c.RepositoryConfigurationDelegate : Finished Spring Data repository scanning in 142 ms. Found 1 JPA repository interfaces.
2023-04-09T23:05:56.317-05:00  INFO 5536 --- [restartedMain] o.s.b.w.embedded.tomcat.TomcatWebServer  : Tomcat initialized with port(s): 8080 (http)
2023-04-09T23:05:56.330-05:00  INFO 5536 --- [restartedMain] o.apache.catalina.core.StandardService   : Starting service [Tomcat]
2023-04-09T23:05:56.330-05:00  INFO 5536 --- [restartedMain] o.apache.catalina.core.StandardEngine    : Starting Servlet engine: [Apache Tomcat/10.1.7]
2023-04-09T23:05:56.409-05:00  INFO 5536 --- [restartedMain] o.a.c.c.C.[Tomcat].[localhost].[/onpe]   : Initializing Spring embedded WebApplicationContext
2023-04-09T23:05:56.410-05:00  INFO 5536 --- [restartedMain] w.s.c.ServletWebServerApplicationContext : Root WebApplicationContext: initialization completed in 1572 ms
2023-04-09T23:05:56.561-05:00  INFO 5536 --- [restartedMain] o.hibernate.jpa.internal.util.LogHelper  : HHH000204: Processing PersistenceUnitInfo [name: default]
2023-04-09T23:05:56.621-05:00  INFO 5536 --- [restartedMain] org.hibernate.Version                    : HHH000412: Hibernate ORM core version 6.1.7.Final
2023-04-09T23:05:56.864-05:00  INFO 5536 --- [restartedMain] com.zaxxer.hikari.HikariDataSource       : HikariPool-1 - Starting...
2023-04-09T23:05:58.231-05:00  INFO 5536 --- [restartedMain] com.zaxxer.hikari.pool.HikariPool        : HikariPool-1 - Added connection ConnectionID:1 ClientConnectionId: a0631fef-fea7-4194-bbf4-aaf0086dec23
2023-04-09T23:05:58.234-05:00  INFO 5536 --- [restartedMain] com.zaxxer.hikari.HikariDataSource       : HikariPool-1 - Start completed.
2023-04-09T23:05:58.269-05:00  INFO 5536 --- [restartedMain] SQL dialect                              : HHH000400: Using dialect: org.hibernate.dialect.SQLServerDialect
2023-04-09T23:05:59.192-05:00  INFO 5536 --- [restartedMain] o.h.e.t.j.p.i.JtaPlatformInitiator       : HHH000490: Using JtaPlatform implementation: [org.hibernate.engine.transaction.jta.platform.internal.NoJtaPlatform]
2023-04-09T23:05:59.199-05:00  INFO 5536 --- [restartedMain] j.LocalContainerEntityManagerFactoryBean : Initialized JPA EntityManagerFactory for persistence unit 'default'
2023-04-09T23:05:59.476-05:00  WARN 5536 --- [restartedMain] JpaBaseConfiguration$JpaWebConfiguration : spring.jpa.open-in-view is enabled by default. Therefore, database queries may be performed during view rendering. Explicitly configure spring.jpa.open-in-view to disable this warning
2023-04-09T23:05:59.595-05:00  INFO 5536 --- [restartedMain] o.s.b.a.w.s.WelcomePageHandlerMapping    : Adding welcome page template: index
2023-04-09T23:05:59.947-05:00  WARN 5536 --- [restartedMain] o.s.data.convert.CustomConversions       : Registering converter from class microsoft.sql.DateTimeOffset to class java.time.OffsetDateTime as reading converter although it doesn't convert from a store-supported type; You might want to check your annotation setup at the converter implementation
2023-04-09T23:06:00.051-05:00  INFO 5536 --- [restartedMain] o.s.b.d.a.OptionalLiveReloadServer       : LiveReload server is running on port 35729
2023-04-09T23:06:00.086-05:00  INFO 5536 --- [restartedMain] o.s.b.w.embedded.tomcat.TomcatWebServer  : Tomcat started on port(s): 8080 (http) with context path '/onpe'
2023-04-09T23:06:00.095-05:00  INFO 5536 --- [restartedMain] pea2.onpe.LpwaEa2JhonatanApplication     : Started LpwaEa2JhonatanApplication in 6.163 seconds (process running for 6.966)
2023-04-09T23:06:26.631-05:00  INFO 5536 --- [http-nio-8080-exec-1] o.a.c.c.C.[Tomcat].[localhost].[/onpe]   : Initializing Spring DispatcherServlet 'dispatcherServlet'
2023-04-09T23:06:26.632-05:00  INFO 5536 --- [http-nio-8080-exec-1] o.s.web.servlet.DispatcherServlet        : Initializing Servlet 'dispatcherServlet'
2023-04-09T23:06:26.634-05:00  INFO 5536 --- [http-nio-8080-exec-1] o.s.web.servlet.DispatcherServlet        : Completed initialization in 2 ms
2023-04-09T23:06:40.251-05:00  WARN 5536 --- [http-nio-8080-exec-4] .w.s.m.s.DefaultHandlerExceptionResolver : Resolved [org.springframework.web.bind.MissingServletRequestParameterException: Required request parameter 'nroMesa' for method parameter type String is not present]
